This is pdfTeX, Version 3.14159265-2.6-1.40.21 (MiKTeX 20.11) (preloaded format=pdflatex 2020.11.20)  4 MAR 2021 21:44
entering extended mode
**"d:/Users/scatalfamo/OneDrive/Proyecto Final de Carrera/Documento/Main.tex"
("d:/Users/scatalfamo/OneDrive/Proyecto Final de Carrera/Documento/Main.tex"
LaTeX2e <2020-10-01> patch level 2
L3 programming layer <2020-10-27> xparse <2020-03-03> ("D:\Program Files\MiKTeX\tex/latex/base\book.cls"
Document Class: book 2020/04/10 v1.4m Standard LaTeX document class
("D:\Program Files\MiKTeX\tex/latex/base\bk12.clo"
File: bk12.clo 2020/04/10 v1.4m Standard LaTeX file (size option)
)
\c@part=\count175
\c@chapter=\count176
\c@section=\count177
\c@subsection=\count178
\c@subsubsection=\count179
\c@paragraph=\count180
\c@subparagraph=\count181
\c@figure=\count182
\c@table=\count183
\abovecaptionskip=\skip47
\belowcaptionskip=\skip48
\bibindent=\dimen138
) ("D:\Program Files\MiKTeX\tex/generic/babel\babel.sty"
Package: babel 2020/10/27 3.51 The Babel package
 ("D:\Program Files\MiKTeX\tex/generic/babel\babel.def"
File: babel.def 2020/10/27 3.51 Babel common definitions
\babel@savecnt=\count184
\U@D=\dimen139
\l@babelnohyphens=\language79
 ("D:\Program Files\MiKTeX\tex/generic/babel\txtbabel.def")
\bbl@readstream=\read2
)
\bbl@dirlevel=\count185

*************************************
* Local config file bblopts.cfg used
*
("D:\Program Files\MiKTeX\tex/latex/arabi\bblopts.cfg"
File: bblopts.cfg 2005/09/08 v0.1 add Arabic and Farsi to "declared" options of babel
) (C:\Users\scatalfamo\AppData\Roaming\MiKTeX\tex/latex/babel-spanish\spanish.ldf
Language: spanish.ldf 2016/03/03 v5.0p Spanish support from the babel system
\es@quottoks=\toks15
\es@quotdepth=\count186
Package babel Info: Making " an active character on input line 561.
Package babel Info: Making . an active character on input line 662.
Package babel Info: Making < an active character on input line 707.
Package babel Info: Making > an active character on input line 707.
)) ("D:\Program Files\MiKTeX\tex/latex/amsmath\amsmath.sty"
Package: amsmath 2020/09/23 v2.17i AMS math features
\@mathmargin=\skip49

For additional information on amsmath, use the `?' option.
("D:\Program Files\MiKTeX\tex/latex/amsmath\amstext.sty"
Package: amstext 2000/06/29 v2.01 AMS text
 ("D:\Program Files\MiKTeX\tex/latex/amsmath\amsgen.sty"
File: amsgen.sty 1999/11/30 v2.0 generic functions
\@emptytoks=\toks16
\ex@=\dimen140
)) ("D:\Program Files\MiKTeX\tex/latex/amsmath\amsbsy.sty"
Package: amsbsy 1999/11/29 v1.2d Bold Symbols
\pmbraise@=\dimen141
) ("D:\Program Files\MiKTeX\tex/latex/amsmath\amsopn.sty"
Package: amsopn 2016/03/08 v2.02 operator names
)
\inf@bad=\count187
LaTeX Info: Redefining \frac on input line 234.
\uproot@=\count188
\leftroot@=\count189
LaTeX Info: Redefining \overline on input line 399.
\classnum@=\count190
\DOTSCASE@=\count191
LaTeX Info: Redefining \ldots on input line 496.
LaTeX Info: Redefining \dots on input line 499.
LaTeX Info: Redefining \cdots on input line 620.
\Mathstrutbox@=\box47
\strutbox@=\box48
\big@size=\dimen142
LaTeX Font Info:    Redeclaring font encoding OML on input line 743.
LaTeX Font Info:    Redeclaring font encoding OMS on input line 744.
\macc@depth=\count192
\c@MaxMatrixCols=\count193
\dotsspace@=\muskip16
\c@parentequation=\count194
\dspbrk@lvl=\count195
\tag@help=\toks17
\row@=\count196
\column@=\count197
\maxfields@=\count198
\andhelp@=\toks18
\eqnshift@=\dimen143
\alignsep@=\dimen144
\tagshift@=\dimen145
\tagwidth@=\dimen146
\totwidth@=\dimen147
\lineht@=\dimen148
\@envbody=\toks19
\multlinegap=\skip50
\multlinetaggap=\skip51
\mathdisplay@stack=\toks20
LaTeX Info: Redefining \[ on input line 2923.
LaTeX Info: Redefining \] on input line 2924.
) (C:\Users\scatalfamo\AppData\Roaming\MiKTeX\tex/latex/mathtools\mathtools.sty
Package: mathtools 2020/03/24 v1.24 mathematical typesetting tools
 ("D:\Program Files\MiKTeX\tex/latex/graphics\keyval.sty"
Package: keyval 2014/10/28 v1.15 key=value parser (DPC)
\KV@toks@=\toks21
) ("D:\Program Files\MiKTeX\tex/latex/tools\calc.sty"
Package: calc 2017/05/25 v4.3 Infix arithmetic (KKT,FJ)
\calc@Acount=\count199
\calc@Bcount=\count266
\calc@Adimen=\dimen149
\calc@Bdimen=\dimen150
\calc@Askip=\skip52
\calc@Bskip=\skip53
LaTeX Info: Redefining \setlength on input line 80.
LaTeX Info: Redefining \addtolength on input line 81.
\calc@Ccount=\count267
\calc@Cskip=\skip54
) (C:\Users\scatalfamo\AppData\Roaming\MiKTeX\tex/latex/mathtools\mhsetup.sty
Package: mhsetup 2017/03/31 v1.3 programming setup (MH)
)
LaTeX Info: Thecontrolsequence`\('isalreadyrobust on input line 130.
LaTeX Info: Thecontrolsequence`\)'isalreadyrobust on input line 130.
LaTeX Info: Thecontrolsequence`\['isalreadyrobust on input line 130.
LaTeX Info: Thecontrolsequence`\]'isalreadyrobust on input line 130.
\g_MT_multlinerow_int=\count268
\l_MT_multwidth_dim=\dimen151
\origjot=\skip55
\l_MT_shortvdotswithinadjustabove_dim=\dimen152
\l_MT_shortvdotswithinadjustbelow_dim=\dimen153
\l_MT_above_intertext_sep=\dimen154
\l_MT_below_intertext_sep=\dimen155
\l_MT_above_shortintertext_sep=\dimen156
\l_MT_below_shortintertext_sep=\dimen157
\xmathstrut@box=\box49
\xmathstrut@dim=\dimen158
) ("D:\Program Files\MiKTeX\tex/latex/amsfonts\amssymb.sty"
Package: amssymb 2013/01/14 v3.01 AMS font symbols
 ("D:\Program Files\MiKTeX\tex/latex/amsfonts\amsfonts.sty"
Package: amsfonts 2013/01/14 v3.01 Basic AMSFonts support
\symAMSa=\mathgroup4
\symAMSb=\mathgroup5
LaTeX Font Info:    Redeclaring math symbol \hbar on input line 98.
LaTeX Font Info:    Overwriting math alphabet `\mathfrak' in version `bold'
(Font)                  U/euf/m/n --> U/euf/b/n on input line 106.
)) ("D:\Program Files\MiKTeX\tex/latex/tools\longtable.sty"
Package: longtable 2020/01/07 v4.13 Multi-page Table package (DPC)
\LTleft=\skip56
\LTright=\skip57
\LTpre=\skip58
\LTpost=\skip59
\LTchunksize=\count269
\LTcapwidth=\dimen159
\LT@head=\box50
\LT@firsthead=\box51
\LT@foot=\box52
\LT@lastfoot=\box53
\LT@cols=\count270
\LT@rows=\count271
\c@LT@tables=\count272
\c@LT@chunks=\count273
\LT@p@ftn=\toks22
) ("D:\Program Files\MiKTeX\tex/latex/base\makeidx.sty"
Package: makeidx 2014/09/29 v1.0m Standard LaTeX package
) ("D:\Program Files\MiKTeX\tex/latex/graphics\graphicx.sty"
Package: graphicx 2020/09/09 v1.2b Enhanced LaTeX Graphics (DPC,SPQR)
 ("D:\Program Files\MiKTeX\tex/latex/graphics\graphics.sty"
Package: graphics 2020/08/30 v1.4c Standard LaTeX Graphics (DPC,SPQR)
 ("D:\Program Files\MiKTeX\tex/latex/graphics\trig.sty"
Package: trig 2016/01/03 v1.10 sin cos tan (DPC)
) ("D:\Program Files\MiKTeX\tex/latex/graphics-cfg\graphics.cfg"
File: graphics.cfg 2016/06/04 v1.11 sample graphics configuration
)
Package graphics Info: Driver file: pdftex.def on input line 105.
 ("D:\Program Files\MiKTeX\tex/latex/graphics-def\pdftex.def"
File: pdftex.def 2020/10/05 v1.2a Graphics/color driver for pdftex
))
\Gin@req@height=\dimen160
\Gin@req@width=\dimen161
) (setbmp.tex)
LaTeX Info: Redefining \. on input line 25.
LaTeX Info: Redefining \% on input line 25.
 (commands.tex
\c@defx=\count274
\c@lemx=\count275
\c@corox=\count276
\c@algx=\count277
\c@ejemx=\count278
\c@propx=\count279
\c@teox=\count280
\c@obsx=\count281
)
\@indexfile=\write3
\openout3 = `Main.idx'.


Writing index file Main.idx
("D:\Program Files\MiKTeX\tex/latex/l3backend\l3backend-pdftex.def"
File: l3backend-pdftex.def 2020-09-24 L3 backend support: PDF output (pdfTeX)
\l__kernel_color_stack_int=\count282
\l__pdf_internal_box=\box54
) ("d:/Users\scatalfamo\OneDrive\Proyecto Final de Carrera\Documento\build\Main.aux"
LaTeX Info: Redefining \. on input line 9.
LaTeX Info: Redefining \% on input line 9.
LaTeX Info: Redefining \. on input line 10.
LaTeX Info: Redefining \% on input line 10.


LaTeX Warning: Label `capImp' multiply defined.

)
\openout1 = `Main.aux'.

LaTeX Font Info:    Checking defaults for OML/cmm/m/it on input line 50.
LaTeX Font Info:    ... okay on input line 50.
LaTeX Font Info:    Checking defaults for OMS/cmsy/m/n on input line 50.
LaTeX Font Info:    ... okay on input line 50.
LaTeX Font Info:    Checking defaults for OT1/cmr/m/n on input line 50.
LaTeX Font Info:    ... okay on input line 50.
LaTeX Font Info:    Checking defaults for T1/cmr/m/n on input line 50.
LaTeX Font Info:    ... okay on input line 50.
LaTeX Font Info:    Checking defaults for TS1/cmr/m/n on input line 50.
LaTeX Font Info:    ... okay on input line 50.
LaTeX Font Info:    Checking defaults for OMX/cmex/m/n on input line 50.
LaTeX Font Info:    ... okay on input line 50.
LaTeX Font Info:    Checking defaults for U/cmr/m/n on input line 50.
LaTeX Font Info:    ... okay on input line 50.
LaTeX Info: Redefining \. on input line 50.
LaTeX Info: Redefining \% on input line 50.
 ("D:\Program Files\MiKTeX\tex/context/base/mkii\supp-pdf.mkii"
[Loading MPS to PDF converter (version 2006.09.02).]
\scratchcounter=\count283
\scratchdimen=\dimen162
\scratchbox=\box55
\nofMPsegments=\count284
\nofMParguments=\count285
\everyMPshowfont=\toks23
\MPscratchCnt=\count286
\MPscratchDim=\dimen163
\MPnumerator=\count287
\makeMPintoPDFobject=\count288
\everyMPtoPDFconversion=\toks24
) ("D:\Program Files\MiKTeX\tex/latex/epstopdf-pkg\epstopdf-base.sty"
Package: epstopdf-base 2020-01-24 v2.11 Base part for package epstopdf
Package epstopdf-base Info: Redefining graphics rule for `.eps' on input line 485.
) (titulo.tex
<./images//uni.png, id=1, 548.80031pt x 528.47438pt>
File: ./images//uni.png Graphic file (type png)
<use ./images//uni.png>
Package pdftex.def Info: ./images//uni.png  used on input line 4.
(pdftex.def)             Requested size: 85.35625pt x 85.35594pt.
 [1




{C:/Users/scatalfamo/AppData/Local/MiKTeX/pdftex/config/pdftex.map} <./images//uni.png>]) [2

] (titulo.tex
File: ./images//uni.png Graphic file (type png)
<use ./images//uni.png>
Package pdftex.def Info: ./images//uni.png  used on input line 4.
(pdftex.def)             Requested size: 85.35625pt x 85.35594pt.
 [1

]) (resumen.tex [2

]) [3] [4

] ("d:/Users\scatalfamo\OneDrive\Proyecto Final de Carrera\Documento\build\Main.toc"
LaTeX Info: Redefining \. on input line 1.
LaTeX Info: Redefining \% on input line 1.
LaTeX Info: Redefining \. on input line 2.
LaTeX Info: Redefining \% on input line 2.
LaTeX Font Info:    Trying to load font information for U+msa on input line 4.
 ("D:\Program Files\MiKTeX\tex/latex/amsfonts\umsa.fd"
File: umsa.fd 2013/01/14 v3.01 AMS symbols A
)
LaTeX Font Info:    Trying to load font information for U+msb on input line 4.
 ("D:\Program Files\MiKTeX\tex/latex/amsfonts\umsb.fd"
File: umsb.fd 2013/01/14 v3.01 AMS symbols B
) [5])
\tf@toc=\write4
\openout4 = `Main.toc'.

 [6]
Cap\'{\i }tulo 1.
(introduccion.tex
Underfull \hbox (badness 10000) in paragraph at lines 33--38

 []

File: ./images//uni.png Graphic file (type png)
<use ./images//uni.png>
Package pdftex.def Info: ./images//uni.png  used on input line 43.
(pdftex.def)             Requested size: 85.35625pt x 85.35594pt.
[1


])
LaTeX Info: Redefining \. on input line 87.
LaTeX Info: Redefining \% on input line 87.
 [2]
Cap\'{\i }tulo 2.
(traficoRedInterna.tex (http.tex [3

]
<./images//2.1.png, id=46, 357.58594pt x 120.45pt>
File: ./images//2.1.png Graphic file (type png)
<use ./images//2.1.png>
Package pdftex.def Info: ./images//2.1.png  used on input line 52.
(pdftex.def)             Requested size: 357.58505pt x 120.44969pt.
LaTeX Info: Redefining \. on input line 74.
LaTeX Info: Redefining \% on input line 74.
 [4]
Overfull \hbox (2.37213pt too wide) in paragraph at lines 81--85
[]\OT1/cmr/m/n/12 GET /he-llo.txt HTTP/1.1 User-Agent: curl/7.16.3 lib-curl/7.16.3 OpenSSL/0.9.7l
 []

LaTeX Info: Redefining \. on input line 110.
LaTeX Info: Redefining \% on input line 110.
[5 <./images//2.1.png>]
LaTeX Info: Redefining \. on input line 155.
LaTeX Info: Redefining \% on input line 155.
 [6]
Overfull \hbox (40.44814pt too wide) in paragraph at lines 203--206
\OT1/cmr/m/n/12 pa-ce: OWS (op-tio-nal whi-tes-pa-ce), RWS (re-qui-red whi-tes-pa-ce), and BWS ("bad"whitespace). 
 []

LaTeX Info: Redefining \. on input line 207.
LaTeX Info: Redefining \% on input line 207.
[7]
LaTeX Info: Redefining \. on input line 258.
LaTeX Info: Redefining \% on input line 258.
 [8]
LaTeX Info: Redefining \. on input line 309.
LaTeX Info: Redefining \% on input line 309.
 [9]
Underfull \vbox (badness 4096) has occurred while \output is active []

LaTeX Info: Redefining \. on input line 361.
LaTeX Info: Redefining \% on input line 361.
 [10]
LaTeX Info: Redefining \. on input line 404.
LaTeX Info: Redefining \% on input line 404.
 [11]
Overfull \hbox (1.19173pt too wide) in paragraph at lines 432--437
\OT1/cmr/m/n/12 close-delimiting fea-tu-re exists pri-ma-rily for back-wards com-pa-ti-bi-lity with HTTP/1.0. 
 []

LaTeX Info: Redefining \. on input line 451.
LaTeX Info: Redefining \% on input line 451.
[12]
LaTeX Info: Redefining \. on input line 497.
LaTeX Info: Redefining \% on input line 497.
 [13]
LaTeX Info: Redefining \. on input line 558.
LaTeX Info: Redefining \% on input line 558.
 [14]
Overfull \hbox (15.62183pt too wide) in paragraph at lines 585--593
\OT1/cmr/m/n/12 for Web traf-fic. For exam-ple, a CON-NECT to a request-target of .[]ample.com:25"would
 []

LaTeX Info: Redefining \. on input line 610.
LaTeX Info: Redefining \% on input line 610.
[15]
LaTeX Info: Redefining \. on input line 654.
LaTeX Info: Redefining \% on input line 654.
 [16]
Underfull \vbox (badness 10000) detected at line 715
 []

LaTeX Info: Redefining \. on input line 735.
LaTeX Info: Redefining \% on input line 735.
[17]
LaTeX Info: Redefining \. on input line 738.
LaTeX Info: Redefining \% on input line 738.
 [18]
LaTeX Info: Redefining \. on input line 780.
LaTeX Info: Redefining \% on input line 780.
 [19]
LaTeX Info: Redefining \. on input line 844.
LaTeX Info: Redefining \% on input line 844.
 [20]
LaTeX Info: Redefining \. on input line 879.
LaTeX Info: Redefining \% on input line 879.
 [21]
Underfull \vbox (badness 3354) has occurred while \output is active []

LaTeX Info: Redefining \. on input line 930.
LaTeX Info: Redefining \% on input line 930.
 [22]
LaTeX Info: Redefining \. on input line 976.
LaTeX Info: Redefining \% on input line 976.
 [23]
LaTeX Info: Redefining \. on input line 1011.
LaTeX Info: Redefining \% on input line 1011.
 [24]
LaTeX Info: Redefining \. on input line 1050.
LaTeX Info: Redefining \% on input line 1050.
 [25]
Underfull \vbox (badness 4543) has occurred while \output is active []

LaTeX Info: Redefining \. on input line 1089.
LaTeX Info: Redefining \% on input line 1089.
 [26]
LaTeX Info: Redefining \. on input line 1120.
LaTeX Info: Redefining \% on input line 1120.
 [27]
Overfull \hbox (83.41516pt too wide) in paragraph at lines 1154--1158
\OT1/cmr/m/n/12 AC-ME client, and your AC-ME client puts a fi-le on your web ser-ver at http://YOUR[]DOMAIN/.well-
 []

LaTeX Info: Redefining \. on input line 1170.
LaTeX Info: Redefining \% on input line 1170.
[28])
LaTeX Info: Redefining \. on input line 8.
LaTeX Info: Redefining \% on input line 8.
 [29])
LaTeX Info: Redefining \. on input line 91.
LaTeX Info: Redefining \% on input line 91.
 [30]
Cap\'{\i }tulo 3.
(desc.tex [31

]
Overfull \hbox (12.66934pt too wide) in paragraph at lines 46--49
[]\OT1/cmr/m/n/12 Furthermore, af-ter an IP ad-dress is ob-tai-ned, es-ta-blishing autho-rity for an "http[]URI
 []

LaTeX Info: Redefining \. on input line 80.
LaTeX Info: Redefining \% on input line 80.
[32]
LaTeX Info: Redefining \. on input line 136.
LaTeX Info: Redefining \% on input line 136.
 [33]
LaTeX Info: Redefining \. on input line 168.
LaTeX Info: Redefining \% on input line 168.
 [34]
LaTeX Info: Redefining \. on input line 197.
LaTeX Info: Redefining \% on input line 197.
 [35]
LaTeX Info: Redefining \. on input line 232.
LaTeX Info: Redefining \% on input line 232.
 [36]
Underfull \vbox (badness 8113) has occurred while \output is active []

LaTeX Info: Redefining \. on input line 266.
LaTeX Info: Redefining \% on input line 266.
 [37]
LaTeX Info: Redefining \. on input line 292.
LaTeX Info: Redefining \% on input line 292.
 [38]
LaTeX Info: Redefining \. on input line 388.
LaTeX Info: Redefining \% on input line 388.
 [39]
Underfull \vbox (badness 10000) has occurred while \output is active []

LaTeX Info: Redefining \. on input line 388.
LaTeX Info: Redefining \% on input line 388.
 [40]
Underfull \vbox (badness 10000) has occurred while \output is active []

LaTeX Info: Redefining \. on input line 416.
LaTeX Info: Redefining \% on input line 416.
 [41]
LaTeX Info: Redefining \. on input line 451.
LaTeX Info: Redefining \% on input line 451.
 [42]
Underfull \vbox (badness 10000) has occurred while \output is active []

LaTeX Info: Redefining \. on input line 486.
LaTeX Info: Redefining \% on input line 486.
 [43]
LaTeX Font Info:    Trying to load font information for U+lasy on input line 509.
 ("D:\Program Files\MiKTeX\tex/latex/base\ulasy.fd"
File: ulasy.fd 1998/08/17 v2.2e LaTeX symbol font definitions
)
LaTeX Info: Redefining \. on input line 520.
LaTeX Info: Redefining \% on input line 520.
 [44]
LaTeX Info: Redefining \. on input line 550.
LaTeX Info: Redefining \% on input line 550.
 [45])
LaTeX Info: Redefining \. on input line 95.
LaTeX Info: Redefining \% on input line 95.
 [46]
Cap\'{\i }tulo 4.
(implemen.tex [47

]
LaTeX Info: Redefining \. on input line 69.
LaTeX Info: Redefining \% on input line 69.
 [48]
Underfull \vbox (badness 10000) has occurred while \output is active []

LaTeX Info: Redefining \. on input line 108.
LaTeX Info: Redefining \% on input line 108.

Overfull \hbox (3.91687pt too wide) has occurred while \output is active
\OT1/cmr/m/sl/12 4.1.  MEJORANDO LA SEGURIDAD EN LA NAVEGACI[]ON - ALTERNATIVAS \OT1/cmr/m/n/12 49
 []

[49]
Overfull \hbox (4.93211pt too wide) in alignment at lines 110--123
 [] [] [] [] [] 
 []


Underfull \vbox (badness 10000) detected at line 123
 []


Overfull \hbox (30.15889pt too wide) in paragraph at lines 143--143
[]\OT1/cmtt/m/n/12 -d *.salvadorcatalfamo.com --manual --preferred-challenges dns-01 certonly[] 
 []


Overfull \hbox (70.76372pt too wide) in alignment at lines 147--152
 [] [] [] [] [] 
 []


Underfull \vbox (badness 10000) detected at line 152
 []


Overfull \vbox (19.526pt too high) has occurred while \output is active []

LaTeX Info: Redefining \. on input line 152.
LaTeX Info: Redefining \% on input line 152.
 [50]
Overfull \hbox (178.35896pt too wide) in paragraph at lines 180--180
[]      \OT1/cmtt/m/n/12 server_name *.example.com;  ssl_certificate /etc/letsencrypt/live/example.com/fullchain.pem;[] 
 []


Overfull \hbox (17.80888pt too wide) in paragraph at lines 180--180
[]      \OT1/cmtt/m/n/12 ssl_certificate_key /etc/letsencrypt/live/example.com/privkey.pem;[] 
 []


Overfull \hbox (67.20891pt too wide) in paragraph at lines 180--180
[]      \OT1/cmtt/m/n/12 ssl_dhparam /etc/letsencrypt/ssl-dhparams.pem;  root /var/www/example.com;[] 
 []

LaTeX Info: Redefining \. on input line 210.
LaTeX Info: Redefining \% on input line 210.

Overfull \hbox (3.91687pt too wide) has occurred while \output is active
\OT1/cmr/m/sl/12 4.1.  MEJORANDO LA SEGURIDAD EN LA NAVEGACI[]ON - ALTERNATIVAS \OT1/cmr/m/n/12 51
 []

[51])
LaTeX Info: Redefining \. on input line 105.
LaTeX Info: Redefining \% on input line 105.
 [52]
Cap\'{\i }tulo 5.
(conclusiones.tex) [53

]
LaTeX Info: Redefining \. on input line 113.
LaTeX Info: Redefining \% on input line 113.
 [54

]
Ap\'{e}ndice A.
(glosario.tex
Underfull \vbox (badness 10000) detected at line 11
 []


Underfull \vbox (badness 10000) detected at line 19
 []

) (Main.bbl [55]
LaTeX Info: Redefining \. on input line 1.
LaTeX Info: Redefining \% on input line 1.
 [56

]) [57] ("d:/Users\scatalfamo\OneDrive\Proyecto Final de Carrera\Documento\build\Main.aux"
LaTeX Info: Redefining \. on input line 9.
LaTeX Info: Redefining \% on input line 9.
LaTeX Info: Redefining \. on input line 10.
LaTeX Info: Redefining \% on input line 10.
)

LaTeX Warning: There were multiply-defined labels.

 ) 
Here is how much of TeX's memory you used:
 4403 strings out of 479799
 61876 string characters out of 2879528
 365520 words of memory out of 3000000
 21303 multiletter control sequences out of 15000+200000
 545032 words of font info for 65 fonts, out of 3000000 for 9000
 1141 hyphenation exceptions out of 8191
 66i,6n,72p,647b,443s stack positions out of 5000i,500n,10000p,200000b,50000s
 <C:\Users\scatalfamo\AppData\Local\MiKTeX\fonts/pk/ljfour/jknappen/ec/dpi600\tcrm1200.pk><D:/Program Files/MiKTeX/fonts/type1/public/amsfonts/cm/cmbx12.pfb><D:/Program Files/MiKTeX/fonts/type1/public/amsfonts/cm/cmcsc10.pfb><D:/Program Files/MiKTeX/fonts/type1/public/amsfonts/cm/cmmi12.pfb><D:/Program Files/MiKTeX/fonts/type1/public/amsfonts/cm/cmr12.pfb><D:/Program Files/MiKTeX/fonts/type1/public/amsfonts/cm/cmr17.pfb><D:/Program Files/MiKTeX/fonts/type1/public/amsfonts/cm/cmr6.pfb><D:/Program Files/MiKTeX/fonts/type1/public/amsfonts/cm/cmr8.pfb><D:/Program Files/MiKTeX/fonts/type1/public/amsfonts/cm/cmsl12.pfb><D:/Program Files/MiKTeX/fonts/type1/public/amsfonts/cm/cmss12.pfb><D:/Program Files/MiKTeX/fonts/type1/public/amsfonts/cm/cmsy10.pfb><D:/Program Files/MiKTeX/fonts/type1/public/amsfonts/cm/cmti12.pfb><D:/Program Files/MiKTeX/fonts/type1/public/amsfonts/cm/cmtt12.pfb><D:/Program Files/MiKTeX/fonts/type1/public/amsfonts/latxfont/lasy10.pfb>
Output written on "d:/Users\scatalfamo\OneDrive\Proyecto Final de Carrera\Documento\build\Main.pdf" (65 pages, 306925 bytes).
PDF statistics:
 273 PDF objects out of 1000 (max. 8388607)
 0 named destinations out of 1000 (max. 500000)
 11 words of extra memory for PDF output out of 10000 (max. 10000000)

